2025-12-16 15:26:23,541 [main] INFO  Main - Starting application...
2025-12-16 15:40:48,280 [main] INFO  Main - Starting application...
2025-12-16 16:00:37,420 [main] INFO  Main - initializing connection to SUMO
2025-12-16 16:00:39,346 [main] INFO  Main - Starting application...
2025-12-16 16:01:24,044 [main] INFO  Main - initializing connection to SUMO
2025-12-16 16:01:25,973 [main] INFO  Main - Starting application...
2025-12-16 16:08:07,808 [main] INFO  Main - initializing connection to SUMO
2025-12-16 16:08:09,735 [main] INFO  Main - Starting application...
2025-12-16 16:08:33,059 [main] INFO  Main - initializing connection to SUMO
2025-12-16 16:08:34,994 [main] INFO  Main - Starting application...
2025-12-16 16:16:32,949 [main] INFO  Main - initializing connection to SUMO
2025-12-16 16:16:34,877 [main] INFO  Main - Starting application...
2025-12-16 16:17:04,322 [main] INFO  Main - initializing connection to SUMO
2025-12-16 16:17:06,239 [main] INFO  Main - Starting application...
2025-12-16 16:17:42,397 [main] INFO  Main - initializing connection to SUMO
2025-12-16 16:17:44,328 [main] INFO  Main - Starting application...
2025-12-16 16:18:23,408 [main] INFO  Main - initializing connection to SUMO
2025-12-16 16:18:25,362 [main] INFO  Main - Starting application...
2025-12-16 16:18:58,209 [main] INFO  Main - initializing connection to SUMO
2025-12-16 16:19:00,153 [main] INFO  Main - Starting application...
2025-12-16 16:19:22,004 [main] INFO  Main - initializing connection to SUMO
2025-12-16 16:19:23,930 [main] INFO  Main - Starting application...
2025-12-16 16:23:51,640 [main] INFO  Main - initializing connection to SUMO
2025-12-16 16:23:53,534 [main] INFO  Main - Starting application...
2025-12-16 16:26:20,578 [main] INFO  Main - initializing connection to SUMO
2025-12-16 16:26:22,486 [main] INFO  Main - Starting application...
2025-12-16 16:27:16,246 [main] INFO  Main - initializing connection to SUMO
2025-12-16 16:27:18,175 [main] INFO  Main - Starting application...
2026-01-14 08:43:53,051 [main] INFO  Main - initializing connection to SUMO
2026-01-15 20:26:04,477 [main] INFO  Main - initializing connection to SUMO
2026-01-15 20:26:07,334 [main] INFO  Main - Starting application...
2026-01-15 20:26:43,772 [main] INFO  Main - initializing connection to SUMO
2026-01-15 20:26:45,496 [main] INFO  Main - Starting application...
2026-01-15 20:27:50,041 [main] INFO  Main - initializing connection to SUMO
2026-01-15 20:27:51,763 [main] INFO  Main - Starting application...
2026-01-16 20:55:48,353 [main] INFO  Main - initializing connection to SUMO
2026-01-16 20:55:51,189 [main] INFO  Main - Starting application...
2026-01-16 20:57:42,879 [main] INFO  Main - initializing connection to SUMO
2026-01-16 20:57:45,210 [main] INFO  Main - Starting application...
2026-01-17 10:45:04,195 [main] INFO  Main - initializing connection to SUMO
2026-01-17 10:45:59,151 [main] INFO  Main - initializing connection to SUMO
2026-01-17 18:20:39,811 [main] INFO  Main - initializing connection to SUMO
2026-01-17 18:20:42,626 [main] INFO  Main - Starting application...
2026-01-17 18:33:06,352 [main] INFO  Main - initializing connection to SUMO
2026-01-17 18:33:08,136 [main] INFO  Main - Starting application...
2026-01-17 18:40:00,333 [main] INFO  Main - initializing connection to SUMO
2026-01-17 18:40:02,303 [main] INFO  Main - Starting application...
2026-01-17 19:11:53,506 [main] INFO  Main - initializing connection to SUMO
2026-01-17 19:11:55,261 [main] INFO  Main - Starting application...
2026-01-17 21:23:34,146 [main] INFO  Main - initializing connection to SUMO
2026-01-17 21:23:35,906 [main] INFO  Main - Starting application...
2026-01-18 10:27:16,466 [main] INFO  Main - initializing connection to SUMO
2026-01-18 10:27:18,897 [main] INFO  Main - Starting application...
2026-01-18 19:46:24,535 [main] INFO  Main - initializing connection to SUMO
2026-01-18 19:46:26,385 [main] INFO  Main - Starting application...
2026-01-18 19:58:08,551 [main] INFO  Main - initializing connection to SUMO
2026-01-18 19:58:10,373 [main] INFO  Main - Starting application...
2026-01-18 20:53:40,163 [main] INFO  Main - initializing connection to SUMO
2026-01-18 20:53:42,017 [main] INFO  Main - Starting application...
2026-01-18 20:57:06,831 [main] INFO  Main - initializing connection to SUMO
2026-01-18 20:57:08,685 [main] INFO  Main - Starting application...
2026-01-18 21:03:47,550 [main] INFO  Main - initializing connection to SUMO
2026-01-18 21:03:49,429 [main] INFO  Main - Starting application...
2026-01-18 21:20:44,982 [main] INFO  Main - initializing connection to SUMO
2026-01-18 21:20:46,843 [main] INFO  Main - Starting application...
2026-01-18 21:22:13,435 [main] INFO  Main - initializing connection to SUMO
2026-01-18 21:22:15,300 [main] INFO  Main - Starting application...
2026-01-18 21:22:33,963 [main] INFO  Main - initializing connection to SUMO
2026-01-18 21:22:35,780 [main] INFO  Main - Starting application...
2026-01-18 22:49:51,048 [main] INFO  Main - initializing connection to SUMO
2026-01-18 22:49:51,055 [main] INFO  util.ConnectionManager - Starting SUMO TraCI connection using config SumoConfig/myconfig.sumocfg
2026-01-18 22:49:53,077 [main] INFO  model.MyLane - creating Path2D object for rendering for lane: -23490810#0_0...
2026-01-18 22:49:53,077 [main] INFO  model.MyLane - Path2D object created.
2026-01-18 22:49:53,077 [main] INFO  model.MyLane - creating Path2D object for rendering for lane: -23490810#0_0...
2026-01-18 22:49:53,077 [main] INFO  model.MyLane - Path2D object created.
2026-01-18 22:49:53,077 [main] INFO  model.MyLane - creating Path2D object for rendering for lane: -23490810#1_0...
2026-01-18 22:49:53,077 [main] INFO  model.MyLane - Path2D object created.
2026-01-18 22:49:53,077 [main] INFO  model.MyLane - creating Path2D object for rendering for lane: -23490810#1_0...
2026-01-18 22:49:53,078 [main] INFO  model.MyLane - Path2D object created.
2026-01-18 22:49:53,078 [main] INFO  model.MyLane - creating Path2D object for rendering for lane: -28378604_0...
2026-01-18 22:49:53,078 [main] INFO  model.MyLane - Path2D object created.
2026-01-18 22:49:53,078 [main] INFO  model.MyLane - creating Path2D object for rendering for lane: -28378604_0...
2026-01-18 22:49:53,078 [main] INFO  model.MyLane - Path2D object created.
2026-01-18 22:49:53,078 [main] INFO  model.MyLane - creating Path2D object for rendering for lane: -317948763_0...
2026-01-18 22:49:53,078 [main] INFO  model.MyLane - Path2D object created.
2026-01-18 22:49:53,078 [main] INFO  model.MyLane - creating Path2D object for rendering for lane: -317948763_0...
2026-01-18 22:49:53,079 [main] INFO  model.MyLane - Path2D object created.
2026-01-18 22:49:53,079 [main] INFO  model.MyLane - creating Path2D object for rendering for lane: -495683152_0...
2026-01-18 22:49:53,079 [main] INFO  model.MyLane - Path2D object created.
2026-01-18 22:49:53,079 [main] INFO  model.MyLane - creating Path2D object for rendering for lane: -495683152_0...
2026-01-18 22:49:53,079 [main] INFO  model.MyLane - Path2D object created.
2026-01-18 22:49:53,079 [main] INFO  model.MyLane - creating Path2D object for rendering for lane: -5218604_0...
2026-01-18 22:49:53,079 [main] INFO  model.MyLane - Path2D object created.
2026-01-18 22:49:53,079 [main] INFO  model.MyLane - creating Path2D object for rendering for lane: -5218604_0...
2026-01-18 22:49:53,080 [main] INFO  model.MyLane - Path2D object created.
2026-01-18 22:49:53,080 [main] INFO  model.MyLane - creating Path2D object for rendering for lane: 23490810#0_0...
2026-01-18 22:49:53,080 [main] INFO  model.MyLane - Path2D object created.
2026-01-18 22:49:53,080 [main] INFO  model.MyLane - creating Path2D object for rendering for lane: 23490810#0_0...
2026-01-18 22:49:53,080 [main] INFO  model.MyLane - Path2D object created.
2026-01-18 22:49:53,080 [main] INFO  model.MyLane - creating Path2D object for rendering for lane: 23490810#1_0...
2026-01-18 22:49:53,080 [main] INFO  model.MyLane - Path2D object created.
2026-01-18 22:49:53,080 [main] INFO  model.MyLane - creating Path2D object for rendering for lane: 23490810#1_0...
2026-01-18 22:49:53,081 [main] INFO  model.MyLane - Path2D object created.
2026-01-18 22:49:53,081 [main] INFO  model.MyLane - creating Path2D object for rendering for lane: 28378604_0...
2026-01-18 22:49:53,081 [main] INFO  model.MyLane - Path2D object created.
2026-01-18 22:49:53,081 [main] INFO  model.MyLane - creating Path2D object for rendering for lane: 28378604_0...
2026-01-18 22:49:53,081 [main] INFO  model.MyLane - Path2D object created.
2026-01-18 22:49:53,081 [main] INFO  model.MyLane - creating Path2D object for rendering for lane: 317948763_0...
2026-01-18 22:49:53,081 [main] INFO  model.MyLane - Path2D object created.
2026-01-18 22:49:53,082 [main] INFO  model.MyLane - creating Path2D object for rendering for lane: 317948763_0...
2026-01-18 22:49:53,082 [main] INFO  model.MyLane - Path2D object created.
2026-01-18 22:49:53,082 [main] INFO  model.MyLane - creating Path2D object for rendering for lane: 495683152_0...
2026-01-18 22:49:53,082 [main] INFO  model.MyLane - Path2D object created.
2026-01-18 22:49:53,082 [main] INFO  model.MyLane - creating Path2D object for rendering for lane: 495683152_0...
2026-01-18 22:49:53,082 [main] INFO  model.MyLane - Path2D object created.
2026-01-18 22:49:53,082 [main] INFO  model.MyLane - creating Path2D object for rendering for lane: 5218604_0...
2026-01-18 22:49:53,082 [main] INFO  model.MyLane - Path2D object created.
2026-01-18 22:49:53,083 [main] INFO  model.MyLane - creating Path2D object for rendering for lane: 5218604_0...
2026-01-18 22:49:53,083 [main] INFO  model.MyLane - Path2D object created.
2026-01-18 22:49:53,083 [main] INFO  model.MyLane - creating Path2D object for rendering for lane: :254384051_0_0...
2026-01-18 22:49:53,083 [main] INFO  model.MyLane - Path2D object created.
2026-01-18 22:49:53,083 [main] INFO  model.MyLane - creating Path2D object for rendering for lane: :254384051_0_0...
2026-01-18 22:49:53,083 [main] INFO  model.MyLane - Path2D object created.
2026-01-18 22:49:53,083 [main] INFO  model.MyLane - creating Path2D object for rendering for lane: :254384051_1_0...
2026-01-18 22:49:53,083 [main] INFO  model.MyLane - Path2D object created.
2026-01-18 22:49:53,084 [main] INFO  model.MyLane - creating Path2D object for rendering for lane: :254384051_1_0...
2026-01-18 22:49:53,084 [main] INFO  model.MyLane - Path2D object created.
2026-01-18 22:49:53,084 [main] INFO  model.MyLane - creating Path2D object for rendering for lane: :254384052_0_0...
2026-01-18 22:49:53,084 [main] INFO  model.MyLane - Path2D object created.
2026-01-18 22:49:53,084 [main] INFO  model.MyLane - creating Path2D object for rendering for lane: :254384052_0_0...
2026-01-18 22:49:53,084 [main] INFO  model.MyLane - Path2D object created.
2026-01-18 22:49:53,085 [main] INFO  model.MyLane - creating Path2D object for rendering for lane: :254384052_1_0...
2026-01-18 22:49:53,085 [main] INFO  model.MyLane - Path2D object created.
2026-01-18 22:49:53,085 [main] INFO  model.MyLane - creating Path2D object for rendering for lane: :254384052_1_0...
2026-01-18 22:49:53,085 [main] INFO  model.MyLane - Path2D object created.
2026-01-18 22:49:53,085 [main] INFO  model.MyLane - creating Path2D object for rendering for lane: :254384053_0_0...
2026-01-18 22:49:53,085 [main] INFO  model.MyLane - Path2D object created.
2026-01-18 22:49:53,085 [main] INFO  model.MyLane - creating Path2D object for rendering for lane: :254384053_0_0...
2026-01-18 22:49:53,085 [main] INFO  model.MyLane - Path2D object created.
2026-01-18 22:49:53,085 [main] INFO  model.MyLane - creating Path2D object for rendering for lane: :254384053_10_0...
2026-01-18 22:49:53,085 [main] INFO  model.MyLane - Path2D object created.
2026-01-18 22:49:53,086 [main] INFO  model.MyLane - creating Path2D object for rendering for lane: :254384053_10_0...
2026-01-18 22:49:53,086 [main] INFO  model.MyLane - Path2D object created.
2026-01-18 22:49:53,086 [main] INFO  model.MyLane - creating Path2D object for rendering for lane: :254384053_11_0...
2026-01-18 22:49:53,086 [main] INFO  model.MyLane - Path2D object created.
2026-01-18 22:49:53,086 [main] INFO  model.MyLane - creating Path2D object for rendering for lane: :254384053_11_0...
2026-01-18 22:49:53,086 [main] INFO  model.MyLane - Path2D object created.
2026-01-18 22:49:53,086 [main] INFO  model.MyLane - creating Path2D object for rendering for lane: :254384053_12_0...
2026-01-18 22:49:53,086 [main] INFO  model.MyLane - Path2D object created.
2026-01-18 22:49:53,086 [main] INFO  model.MyLane - creating Path2D object for rendering for lane: :254384053_12_0...
2026-01-18 22:49:53,087 [main] INFO  model.MyLane - Path2D object created.
2026-01-18 22:49:53,087 [main] INFO  model.MyLane - creating Path2D object for rendering for lane: :254384053_1_0...
2026-01-18 22:49:53,087 [main] INFO  model.MyLane - Path2D object created.
2026-01-18 22:49:53,087 [main] INFO  model.MyLane - creating Path2D object for rendering for lane: :254384053_1_0...
2026-01-18 22:49:53,087 [main] INFO  model.MyLane - Path2D object created.
2026-01-18 22:49:53,087 [main] INFO  model.MyLane - creating Path2D object for rendering for lane: :254384053_2_0...
2026-01-18 22:49:53,087 [main] INFO  model.MyLane - Path2D object created.
2026-01-18 22:49:53,087 [main] INFO  model.MyLane - creating Path2D object for rendering for lane: :254384053_2_0...
2026-01-18 22:49:53,087 [main] INFO  model.MyLane - Path2D object created.
2026-01-18 22:49:53,088 [main] INFO  model.MyLane - creating Path2D object for rendering for lane: :254384053_3_0...
2026-01-18 22:49:53,088 [main] INFO  model.MyLane - Path2D object created.
2026-01-18 22:49:53,088 [main] INFO  model.MyLane - creating Path2D object for rendering for lane: :254384053_3_0...
2026-01-18 22:49:53,088 [main] INFO  model.MyLane - Path2D object created.
2026-01-18 22:49:53,088 [main] INFO  model.MyLane - creating Path2D object for rendering for lane: :254384053_4_0...
2026-01-18 22:49:53,088 [main] INFO  model.MyLane - Path2D object created.
2026-01-18 22:49:53,088 [main] INFO  model.MyLane - creating Path2D object for rendering for lane: :254384053_4_0...
2026-01-18 22:49:53,088 [main] INFO  model.MyLane - Path2D object created.
2026-01-18 22:49:53,089 [main] INFO  model.MyLane - creating Path2D object for rendering for lane: :254384053_5_0...
2026-01-18 22:49:53,089 [main] INFO  model.MyLane - Path2D object created.
2026-01-18 22:49:53,089 [main] INFO  model.MyLane - creating Path2D object for rendering for lane: :254384053_5_0...
2026-01-18 22:49:53,089 [main] INFO  model.MyLane - Path2D object created.
2026-01-18 22:49:53,089 [main] INFO  model.MyLane - creating Path2D object for rendering for lane: :254384053_6_0...
2026-01-18 22:49:53,089 [main] INFO  model.MyLane - Path2D object created.
2026-01-18 22:49:53,089 [main] INFO  model.MyLane - creating Path2D object for rendering for lane: :254384053_6_0...
2026-01-18 22:49:53,089 [main] INFO  model.MyLane - Path2D object created.
2026-01-18 22:49:53,090 [main] INFO  model.MyLane - creating Path2D object for rendering for lane: :254384053_7_0...
2026-01-18 22:49:53,090 [main] INFO  model.MyLane - Path2D object created.
2026-01-18 22:49:53,090 [main] INFO  model.MyLane - creating Path2D object for rendering for lane: :254384053_7_0...
2026-01-18 22:49:53,090 [main] INFO  model.MyLane - Path2D object created.
2026-01-18 22:49:53,090 [main] INFO  model.MyLane - creating Path2D object for rendering for lane: :254384053_8_0...
2026-01-18 22:49:53,090 [main] INFO  model.MyLane - Path2D object created.
2026-01-18 22:49:53,090 [main] INFO  model.MyLane - creating Path2D object for rendering for lane: :254384053_8_0...
2026-01-18 22:49:53,090 [main] INFO  model.MyLane - Path2D object created.
2026-01-18 22:49:53,090 [main] INFO  model.MyLane - creating Path2D object for rendering for lane: :254384053_9_0...
2026-01-18 22:49:53,090 [main] INFO  model.MyLane - Path2D object created.
2026-01-18 22:49:53,091 [main] INFO  model.MyLane - creating Path2D object for rendering for lane: :254384053_9_0...
2026-01-18 22:49:53,091 [main] INFO  model.MyLane - Path2D object created.
2026-01-18 22:49:53,091 [main] INFO  model.MyLane - creating Path2D object for rendering for lane: :4611932501_0_0...
2026-01-18 22:49:53,091 [main] INFO  model.MyLane - Path2D object created.
2026-01-18 22:49:53,091 [main] INFO  model.MyLane - creating Path2D object for rendering for lane: :4611932501_0_0...
2026-01-18 22:49:53,091 [main] INFO  model.MyLane - Path2D object created.
2026-01-18 22:49:53,091 [main] INFO  model.MyLane - creating Path2D object for rendering for lane: :4611932501_1_0...
2026-01-18 22:49:53,091 [main] INFO  model.MyLane - Path2D object created.
2026-01-18 22:49:53,092 [main] INFO  model.MyLane - creating Path2D object for rendering for lane: :4611932501_1_0...
2026-01-18 22:49:53,092 [main] INFO  model.MyLane - Path2D object created.
2026-01-18 22:49:53,092 [main] INFO  model.MyLane - creating Path2D object for rendering for lane: :4611932501_2_0...
2026-01-18 22:49:53,092 [main] INFO  model.MyLane - Path2D object created.
2026-01-18 22:49:53,092 [main] INFO  model.MyLane - creating Path2D object for rendering for lane: :4611932501_2_0...
2026-01-18 22:49:53,092 [main] INFO  model.MyLane - Path2D object created.
2026-01-18 22:49:53,092 [main] INFO  model.MyLane - creating Path2D object for rendering for lane: :4611932501_3_0...
2026-01-18 22:49:53,092 [main] INFO  model.MyLane - Path2D object created.
2026-01-18 22:49:53,093 [main] INFO  model.MyLane - creating Path2D object for rendering for lane: :4611932501_3_0...
2026-01-18 22:49:53,093 [main] INFO  model.MyLane - Path2D object created.
2026-01-18 22:49:53,093 [main] INFO  model.MyLane - creating Path2D object for rendering for lane: :4611932501_4_0...
2026-01-18 22:49:53,093 [main] INFO  model.MyLane - Path2D object created.
2026-01-18 22:49:53,093 [main] INFO  model.MyLane - creating Path2D object for rendering for lane: :4611932501_4_0...
2026-01-18 22:49:53,093 [main] INFO  model.MyLane - Path2D object created.
2026-01-18 22:49:53,093 [main] INFO  model.MyLane - creating Path2D object for rendering for lane: :4611932501_5_0...
2026-01-18 22:49:53,093 [main] INFO  model.MyLane - Path2D object created.
2026-01-18 22:49:53,093 [main] INFO  model.MyLane - creating Path2D object for rendering for lane: :4611932501_5_0...
2026-01-18 22:49:53,094 [main] INFO  model.MyLane - Path2D object created.
2026-01-18 22:49:53,094 [main] INFO  model.MyLane - creating Path2D object for rendering for lane: :4611932501_6_0...
2026-01-18 22:49:53,094 [main] INFO  model.MyLane - Path2D object created.
2026-01-18 22:49:53,094 [main] INFO  model.MyLane - creating Path2D object for rendering for lane: :4611932501_6_0...
2026-01-18 22:49:53,094 [main] INFO  model.MyLane - Path2D object created.
2026-01-18 22:49:53,094 [main] INFO  model.MyLane - creating Path2D object for rendering for lane: :4611932501_7_0...
2026-01-18 22:49:53,094 [main] INFO  model.MyLane - Path2D object created.
2026-01-18 22:49:53,094 [main] INFO  model.MyLane - creating Path2D object for rendering for lane: :4611932501_7_0...
2026-01-18 22:49:53,094 [main] INFO  model.MyLane - Path2D object created.
2026-01-18 22:49:53,095 [main] INFO  model.MyLane - creating Path2D object for rendering for lane: :4611932501_8_0...
2026-01-18 22:49:53,095 [main] INFO  model.MyLane - Path2D object created.
2026-01-18 22:49:53,095 [main] INFO  model.MyLane - creating Path2D object for rendering for lane: :4611932501_8_0...
2026-01-18 22:49:53,095 [main] INFO  model.MyLane - Path2D object created.
2026-01-18 22:49:53,095 [main] INFO  model.MyLane - creating Path2D object for rendering for lane: :4874138905_0_0...
2026-01-18 22:49:53,095 [main] INFO  model.MyLane - Path2D object created.
2026-01-18 22:49:53,095 [main] INFO  model.MyLane - creating Path2D object for rendering for lane: :4874138905_0_0...
2026-01-18 22:49:53,095 [main] INFO  model.MyLane - Path2D object created.
2026-01-18 22:49:53,095 [main] INFO  model.MyLane - creating Path2D object for rendering for lane: :4878387535_0_0...
2026-01-18 22:49:53,095 [main] INFO  model.MyLane - Path2D object created.
2026-01-18 22:49:53,096 [main] INFO  model.MyLane - creating Path2D object for rendering for lane: :4878387535_0_0...
2026-01-18 22:49:53,096 [main] INFO  model.MyLane - Path2D object created.
2026-01-18 22:49:53,101 [main] INFO  Main - Starting application...
